nohup: ignoring input
[I 2026-07-10 18:01:57.513 ServerApp] jupyter_lsp | extension was successfully linked.
[I 2026-07-10 18:01:57.525 ServerApp] jupyter_server_terminals | extension was successfully linked.
[W 2026-07-10 18:01:57.532 LabApp] 'token' has moved from NotebookApp to ServerApp. This config will be passed to ServerApp. Be sure to update your config before our next release.
[W 2026-07-10 18:01:57.532 LabApp] 'password' has moved from NotebookApp to ServerApp. This config will be passed to ServerApp. Be sure to update your config before our next release.
[W 2026-07-10 18:01:57.541 ServerApp] ServerApp.token config is deprecated in 2.0. Use IdentityProvider.token.
[I 2026-07-10 18:01:57.541 ServerApp] jupyterlab | extension was successfully linked.
[I 2026-07-10 18:01:57.549 ServerApp] notebook | extension was successfully linked.
[I 2026-07-10 18:01:57.550 ServerApp] Writing Jupyter server cookie secret to /home/student/.local/share/jupyter/runtime/jupyter_cookie_secret
[I 2026-07-10 18:01:57.919 ServerApp] notebook_shim | extension was successfully linked.
[W 2026-07-10 18:01:57.937 ServerApp] All authentication is disabled.  Anyone who can connect to this server will be able to run code.
[I 2026-07-10 18:01:57.938 ServerApp] notebook_shim | extension was successfully loaded.
[I 2026-07-10 18:01:57.940 ServerApp] jupyter_lsp | extension was successfully loaded.
[I 2026-07-10 18:01:57.941 ServerApp] jupyter_server_terminals | extension was successfully loaded.
[I 2026-07-10 18:01:57.943 LabApp] JupyterLab extension loaded from /opt/base/lib/python3.13/site-packages/jupyterlab
[I 2026-07-10 18:01:57.943 LabApp] JupyterLab application directory is /opt/base/share/jupyter/lab
[I 2026-07-10 18:01:57.944 LabApp] Extension Manager is 'pypi'.
[I 2026-07-10 18:01:57.981 ServerApp] jupyterlab | extension was successfully loaded.
[I 2026-07-10 18:01:57.983 ServerApp] notebook | extension was successfully loaded.
[I 2026-07-10 18:01:57.983 ServerApp] Serving notebooks from local directory: /workspaces/python-git
[I 2026-07-10 18:01:57.983 ServerApp] Jupyter Server 2.19.0 is running at:
[I 2026-07-10 18:01:57.984 ServerApp] http://2a671224b424:8888/lab
[I 2026-07-10 18:01:57.984 ServerApp]     http://127.0.0.1:8888/lab
[I 2026-07-10 18:01:57.984 ServerApp] Use Control-C to stop this server and shut down all kernels (twice to skip confirmation).
gio: file:///home/student/.local/share/jupyter/runtime/jpserver-425-open.html: Failed to find default application for content type ‘text/html’
[I 2026-07-10 18:01:58.011 ServerApp] Skipped non-installed server(s): basedpyright, bash-language-server, dockerfile-language-server-nodejs, javascript-typescript-langserver, jedi-language-server, julia-language-server, pyrefly, pyright, python-language-server, python-lsp-server, r-languageserver, sql-language-server, texlab, typescript-language-server, unified-language-server, vscode-css-languageserver-bin, vscode-html-languageserver-bin, vscode-json-languageserver-bin, yaml-language-server
